JVM info: Oracle Corporation - 1.8.0_152 - 25.152-b16
java.net.preferIPv4Stack=true
Found java version 1.8.0_152
Target Directory: .
Extractiung main jar:
  Extracted successfully
Considering minecraft server jar
Downloading libraries
Considering library net.minecraftforge:forge:1.12.2-14.23.5.2854
  Extracting library from /maven/net/minecraftforge/forge/1.12.2-14.23.5.2854/forge-1.12.2-14.23.5.2854.jar
    Extraction completed: Checksum validated.
Considering library org.ow2.asm:asm-debug-all:5.2
  Downloading library from https://files.minecraftforge.net/maven/org/ow2/asm/asm-debug-all/5.2/asm-debug-all-5.2.jar
    Download completed: Checksum validated.
Considering library net.minecraft:launchwrapper:1.12
  File exists: Checksum validated.
Considering library org.jline:jline:3.5.1
  File exists: Checksum validated.
Considering library com.typesafe.akka:akka-actor_2.11:2.3.3
  File exists: Checksum invalid, deleting file:
    Expected: ed62e9fc709ca0f2ff1a3220daa8b70a2870078e
    Actual:   b94d6ea6a821ce5bfe2c1048710a8dd93857884c
  Downloading library from https://files.minecraftforge.net/maven/com/typesafe/akka/akka-actor_2.11/2.3.3/akka-actor_2.11-2.3.3.jar
    Download completed: Checksum validated.
Considering library com.typesafe:config:1.2.1
  File exists: Checksum invalid, deleting file:
    Expected: f771f71fdae3df231bcd54d5ca2d57f0bf93f467
    Actual:   99bf196cf2ca7cd630805d1c458adbe0a99a0006
  Downloading library from https://files.minecraftforge.net/maven/com/typesafe/config/1.2.1/config-1.2.1.jar
    Download completed: Checksum validated.
Considering library org.scala-lang:scala-actors-migration_2.11:1.1.0
  File exists: Checksum invalid, deleting file:
    Expected: dfa8bc42b181d5b9f1a5dd147f8ae308b893eb6f
    Actual:   4526510dfd5009954301df204aef2ea50232a1fe
  Downloading library from https://files.minecraftforge.net/maven/org/scala-lang/scala-actors-migration_2.11/1.1.0/scala-actors-migration_2.11-1.1.0.jar
    Download completed: Checksum validated.
Considering library org.scala-lang:scala-compiler:2.11.1
  File exists: Checksum invalid, deleting file:
    Expected: 56ea2e6c025e0821f28d73ca271218b8dd04926a
    Actual:   47d99359c55845fd91a9fd37d5eee1ae8bb8bf7d
  Downloading library from https://files.minecraftforge.net/maven/org/scala-lang/scala-compiler/2.11.1/scala-compiler-2.11.1.jar
    Download completed: Checksum validated.
Considering library org.scala-lang.plugins:scala-continuations-library_2.11:1.0.2_mc
  Downloading library from https://files.minecraftforge.net/maven/org/scala-lang/plugins/scala-continuations-library_2.11/1.0.2_mc/scala-continuations-library_2.11-1.0.2_mc.jar
    Download completed: Checksum validated.
Considering library org.scala-lang.plugins:scala-continuations-plugin_2.11.1:1.0.2_mc
  Downloading library from https://files.minecraftforge.net/maven/org/scala-lang/plugins/scala-continuations-plugin_2.11.1/1.0.2_mc/scala-continuations-plugin_2.11.1-1.0.2_mc.jar
    Download completed: Checksum validated.
Considering library org.scala-lang:scala-library:2.11.1
  File exists: Checksum invalid, deleting file:
    Expected: 0e11da23da3eabab9f4777b9220e60d44c1aab6a
    Actual:   6c0aefae854c2ca19a75a283cea224b212b17297
  Downloading library from https://files.minecraftforge.net/maven/org/scala-lang/scala-library/2.11.1/scala-library-2.11.1.jar
    Download completed: Checksum validated.
Considering library org.scala-lang:scala-parser-combinators_2.11:1.0.1
  File exists: Checksum invalid, deleting file:
    Expected: f05d7345bf5a58924f2837c6c1f4d73a938e1ff0
    Actual:   adb5ffc55f44b506782cd876be21fba6e7303047
  Downloading library from https://files.minecraftforge.net/maven/org/scala-lang/scala-parser-combinators_2.11/1.0.1/scala-parser-combinators_2.11-1.0.1.jar
    Download completed: Checksum validated.
Considering library org.scala-lang:scala-reflect:2.11.1
  File exists: Checksum invalid, deleting file:
    Expected: 6580347e61cc7f8e802941e7fde40fa83b8badeb
    Actual:   4baff23209f18e76ae5ee5e27d8f17faa9bc91bb
  Downloading library from https://files.minecraftforge.net/maven/org/scala-lang/scala-reflect/2.11.1/scala-reflect-2.11.1.jar
    Download completed: Checksum validated.
Considering library org.scala-lang:scala-swing_2.11:1.0.1
  File exists: Checksum invalid, deleting file:
    Expected: b1cdd92bd47b1e1837139c1c53020e86bb9112ae
    Actual:   7afe0626116f76479e8fe0a26e8f6d5c11e36695
  Downloading library from https://files.minecraftforge.net/maven/org/scala-lang/scala-swing_2.11/1.0.1/scala-swing_2.11-1.0.1.jar
    Download completed: Checksum validated.
Considering library org.scala-lang:scala-xml_2.11:1.0.2
  File exists: Checksum invalid, deleting file:
    Expected: 7a80ec00aec122fba7cd4e0d4cdd87ff7e4cb6d0
    Actual:   0bfc353f1258a6fe4db6a4c546e7f4e49d06ba41
  Downloading library from https://files.minecraftforge.net/maven/org/scala-lang/scala-xml_2.11/1.0.2/scala-xml_2.11-1.0.2.jar
    Download completed: Checksum validated.
Considering library lzma:lzma:0.0.1
  File exists: Checksum validated.
Considering library java3d:vecmath:1.5.2
  File exists: Checksum validated.
Considering library net.sf.trove4j:trove4j:3.0.3
  File exists: Checksum validated.
Considering library org.apache.maven:maven-artifact:3.5.3
  File exists: Checksum validated.
Considering library net.sf.jopt-simple:jopt-simple:5.0.3
  File exists: Checksum validated.
Building Processors
The server installed successfully, you should now be able to run the file forge
You can delete this installer file now if you wish
