[19:00:44] [main/INFO] [LaunchWrapper]: Loading tweak class name net.minecraftforge.fml.common.launcher.FMLServerTweaker
[19:00:44] [main/INFO] [LaunchWrapper]: Using primary tweak class name net.minecraftforge.fml.common.launcher.FMLServerTweaker
[19:00:44] [main/INFO] [LaunchWrapper]: Calling tweak class net.minecraftforge.fml.common.launcher.FMLServerTweaker
[19:00:44] [main/INFO] [FML]: Forge Mod Loader version 14.23.5.2854 for Minecraft 1.12.2 loading
[19:00:44] [main/INFO] [FML]: Java is Java HotSpot(TM) 64-Bit Server VM, version 1.8.0_152, running on Linux:amd64:5.3.0-51-generic, installed at /home/lord-and-server/dev/jdk1.8.0_152/jre
[19:00:45] [main/INFO] [FML]: Searching /home/lord-and-server/dev/minecraft-server/./mods for mods
[19:00:45] [main/INFO] [FML]: Searching /home/lord-and-server/dev/minecraft-server/./mods/1.12.2 for mods
[19:00:45] [main/WARN] [FML]: Found FMLCorePluginContainsFMLMod marker in ALBEDO-1.12.2-1.1.0.jar. This is not recommended, @Mods should be in a separate jar from the coremod.
[19:00:45] [main/WARN] [FML]: The coremod FMLPlugin (elucent.albedo.asm.FMLPlugin) is not signed!
[19:00:45] [main/WARN] [FML]: Found FMLCorePluginContainsFMLMod marker in ASTRALSORCERY-1.12.2-1.10.20.jar. This is not recommended, @Mods should be in a separate jar from the coremod.
[19:00:45] [main/WARN] [FML]: The coremod hellfirepvp.astralsorcery.core.AstralCore does not have a MCVersion annotation, it may cause issues with this version of Minecraft
[19:00:45] [main/INFO] [Astral Core]: [AstralCore] Initialized.
[19:00:45] [main/WARN] [FML]: Found FMLCorePluginContainsFMLMod marker in BEDPATCH-2.2-1.12.2.jar. This is not recommended, @Mods should be in a separate jar from the coremod.
[19:00:45] [main/WARN] [FML]: Found FMLCorePluginContainsFMLMod marker in Bloodmoon-MC1.12.2-1.5.3.jar. This is not recommended, @Mods should be in a separate jar from the coremod.
[19:00:45] [main/WARN] [FML]: The coremod lumien.bloodmoon.asm.LoadingPlugin does not have a MCVersion annotation, it may cause issues with this version of Minecraft
[19:00:45] [main/INFO] [FML]: Loading tweaker codechicken.asm.internal.Tweaker from ChickenASM-1.12-1.0.2.7.jar
[19:00:45] [main/WARN] [FML]: Found FMLCorePluginContainsFMLMod marker in CTM-MC1.12.2-0.3.3.22.jar. This is not recommended, @Mods should be in a separate jar from the coremod.
[19:00:45] [main/WARN] [FML]: The coremod team.chisel.ctm.client.asm.CTMCorePlugin does not have a MCVersion annotation, it may cause issues with this version of Minecraft
[19:00:45] [main/WARN] [FML]: The coremod CTMCorePlugin (team.chisel.ctm.client.asm.CTMCorePlugin) is not signed!
[19:00:45] [main/WARN] [FML]: Found FMLCorePluginContainsFMLMod marker in FOAMFIX-0.10.5-1.12.2.jar. This is not recommended, @Mods should be in a separate jar from the coremod.
[19:00:45] [main/WARN] [FML]: The coremod pl.asie.foamfix.coremod.FoamFixCore does not have a MCVersion annotation, it may cause issues with this version of Minecraft
[19:00:45] [main/WARN] [FML]: Found FMLCorePluginContainsFMLMod marker in FORGELIN-1.8.3.jar. This is not recommended, @Mods should be in a separate jar from the coremod.
[19:00:45] [main/WARN] [FML]: The coremod net.shadowfacts.forgelin.preloader.ForgelinPlugin does not have a MCVersion annotation, it may cause issues with this version of Minecraft
[19:00:45] [main/WARN] [FML]: The coremod ForgelinPlugin (net.shadowfacts.forgelin.preloader.ForgelinPlugin) is not signed!
[19:00:45] [main/WARN] [FML]: The coremod com.thiakil.gottagofast.coremod.GottaGoFastLoader does not have a MCVersion annotation, it may cause issues with this version of Minecraft
[19:00:45] [main/WARN] [FML]: Found FMLCorePluginContainsFMLMod marker in iceandfire-1.9.1-1.12.2.jar. This is not recommended, @Mods should be in a separate jar from the coremod.
[19:00:45] [main/WARN] [FML]: The coremod iceandfire (com.github.alexthe666.iceandfire.asm.IceAndFirePlugin) is not signed!
[19:00:45] [main/WARN] [FML]: Found FMLCorePluginContainsFMLMod marker in INVENTORYTWEAKS-1.64DEV.146.jar. This is not recommended, @Mods should be in a separate jar from the coremod.
[19:00:45] [main/WARN] [FML]: The coremod invtweaks.forge.asm.FMLPlugin does not have a MCVersion annotation, it may cause issues with this version of Minecraft
[19:00:45] [main/WARN] [FML]: The coremod ivorius.ivtoolkit.IvToolkitLoadingPlugin does not have a MCVersion annotation, it may cause issues with this version of Minecraft
[19:00:45] [main/WARN] [FML]: The coremod IvToolkit (ivorius.ivtoolkit.IvToolkitLoadingPlugin) is not signed!
[19:00:45] [main/INFO] [FML]: Loading tweaker org.spongepowered.asm.launch.MixinTweaker from levelup2-1.4.2.jar
[19:00:45] [main/WARN] [FML]: Found FMLCorePluginContainsFMLMod marker in LIBRARIANLIB-1.12.2-4.19.2-RELEASE.jar. This is not recommended, @Mods should be in a separate jar from the coremod.
[19:00:45] [main/WARN] [FML]: The coremod com.teamwizardry.librarianlib.asm.LibLibCorePlugin does not have a MCVersion annotation, it may cause issues with this version of Minecraft
[19:00:45] [main/WARN] [FML]: The coremod LibrarianLib Plugin (com.teamwizardry.librarianlib.asm.LibLibCorePlugin) is not signed!
[19:00:45] [main/WARN] [FML]: Found FMLCorePluginContainsFMLMod marker in Mekanism-1.12.2-9.8.3.390.jar. This is not recommended, @Mods should be in a separate jar from the coremod.
[19:00:45] [main/WARN] [FML]: The coremod mekanism.coremod.MekanismCoremod does not have a MCVersion annotation, it may cause issues with this version of Minecraft
[19:00:45] [main/WARN] [FML]: The coremod MekanismCoremod (mekanism.coremod.MekanismCoremod) is not signed!
[19:00:45] [main/WARN] [FML]: Found FMLCorePluginContainsFMLMod marker in NotEnoughIDs-1.5.4.4.jar. This is not recommended, @Mods should be in a separate jar from the coremod.
[19:00:45] [main/WARN] [FML]: The coremod ru.fewizz.neid.asm.Plugin does not have a MCVersion annotation, it may cause issues with this version of Minecraft
[19:00:45] [main/WARN] [FML]: The coremod Plugin (ru.fewizz.neid.asm.Plugin) is not signed!
[19:00:45] [main/WARN] [FML]: Found FMLCorePluginContainsFMLMod marker in OPENCOMPUTERS-MC1.12.2-1.7.4.153.jar. This is not recommended, @Mods should be in a separate jar from the coremod.
[19:00:45] [main/WARN] [FML]: The coremod li.cil.oc.common.launch.TransformerLoader does not have a MCVersion annotation, it may cause issues with this version of Minecraft
[19:00:45] [main/WARN] [FML]: The coremod TransformerLoader (li.cil.oc.common.launch.TransformerLoader) is not signed!
[19:00:45] [main/WARN] [FML]: Found FMLCorePluginContainsFMLMod marker in OPENMODSLIB-1.12.2-0.12.2.jar. This is not recommended, @Mods should be in a separate jar from the coremod.
[19:00:45] [main/WARN] [FML]: The coremod openmods.core.OpenModsCorePlugin does not have a MCVersion annotation, it may cause issues with this version of Minecraft
[19:00:45] [main/WARN] [FML]: Found FMLCorePluginContainsFMLMod marker in P455W0RDSLIB-1.12.2-2.2.156.jar. This is not recommended, @Mods should be in a separate jar from the coremod.
[19:00:45] [main/WARN] [FML]: The coremod com.therandomlabs.randompatches.core.RPCore does not have a MCVersion annotation, it may cause issues with this version of Minecraft
[19:00:45] [main/WARN] [FML]: Found FMLCorePluginContainsFMLMod marker in RANDOMTHINGS-MC1.12.2-4.2.7.3.jar. This is not recommended, @Mods should be in a separate jar from the coremod.
[19:00:45] [main/WARN] [FML]: The coremod lumien.randomthings.asm.LoadingPlugin does not have a MCVersion annotation, it may cause issues with this version of Minecraft
[19:00:45] [main/WARN] [FML]: Found FMLCorePluginContainsFMLMod marker in RESOURCELOADER-MC1.12.1-1.5.3.jar. This is not recommended, @Mods should be in a separate jar from the coremod.
[19:00:45] [main/WARN] [FML]: The coremod lumien.resourceloader.asm.LoadingPlugin does not have a MCVersion annotation, it may cause issues with this version of Minecraft
[19:00:45] [main/INFO] [FML]: Loading tweaker org.spongepowered.asm.launch.MixinTweaker from PHOSPHOR-1.12.2-0.2.6BUILD50-UNIVERSAL.jar
[19:00:45] [main/WARN] [FML]: The coremod blusunrize.immersiveengineering.common.asm.IELoadingPlugin does not have a MCVersion annotation, it may cause issues with this version of Minecraft
[19:00:45] [main/INFO] [LaunchWrapper]: Loading tweak class name net.minecraftforge.fml.common.launcher.FMLInjectionAndSortingTweaker
[19:00:45] [main/INFO] [LaunchWrapper]: Loading tweak class name codechicken.asm.internal.Tweaker
[19:00:45] [main/INFO] [LaunchWrapper]: Loading tweak class name org.spongepowered.asm.launch.MixinTweaker
[19:00:45] [main/INFO] [mixin]: SpongePowered MIXIN Subsystem Version=0.8 Source=file:/home/lord-and-server/dev/minecraft-server/./mods/levelup2-1.4.2.jar Service=LaunchWrapper Env=SERVER
[19:00:45] [main/WARN] [FML]: The coremod LevelUpCore (levelup2.core.LevelUpCore) is not signed!
[19:00:45] [main/INFO] [mixin]: Compatibility level set to JAVA_8
[19:00:45] [main/WARN] [LaunchWrapper]: Tweak class name org.spongepowered.asm.launch.MixinTweaker has already been visited -- skipping
[19:00:45] [main/INFO] [LaunchWrapper]: Loading tweak class name net.minecraftforge.fml.common.launcher.FMLDeobfTweaker
[19:00:45] [main/INFO] [LaunchWrapper]: Calling tweak class net.minecraftforge.fml.common.launcher.FMLInjectionAndSortingTweaker
[19:00:45] [main/INFO] [LaunchWrapper]: Calling tweak class net.minecraftforge.fml.common.launcher.FMLInjectionAndSortingTweaker
[19:00:45] [main/INFO] [LaunchWrapper]: Calling tweak class net.minecraftforge.fml.relauncher.CoreModManager$FMLPluginWrapper
[19:00:46] [main/INFO] [FML]: Found valid fingerprint for Minecraft Forge. Certificate fingerprint e3c3d50c7c986df74c645c0ac54639741c90a557
[19:00:46] [main/INFO] [LaunchWrapper]: Calling tweak class net.minecraftforge.fml.relauncher.CoreModManager$FMLPluginWrapper
[19:00:46] [main/INFO] [LaunchWrapper]: Calling tweak class net.minecraftforge.fml.relauncher.CoreModManager$FMLPluginWrapper
[19:00:46] [main/INFO] [LaunchWrapper]: Calling tweak class net.minecraftforge.fml.relauncher.CoreModManager$FMLPluginWrapper
[19:00:46] [main/INFO] [LaunchWrapper]: Calling tweak class codechicken.asm.internal.Tweaker
[19:00:46] [main/INFO] [STDOUT]: [codechicken.asm.internal.Tweaker:injectIntoClassLoader:30]: false
[19:00:46] [main/INFO] [LaunchWrapper]: Calling tweak class org.spongepowered.asm.launch.MixinTweaker
[19:00:46] [main/INFO] [mixin]: Initialised Mixin FML Remapper Adapter with net.minecraftforge.fml.common.asm.transformers.deobf.FMLDeobfuscatingRemapper@2c58dcb1
[19:00:46] [main/INFO] [LaunchWrapper]: Calling tweak class net.minecraftforge.fml.relauncher.CoreModManager$FMLPluginWrapper
[19:00:46] [main/INFO] [LaunchWrapper]: Calling tweak class net.minecraftforge.fml.common.launcher.FMLDeobfTweaker
[19:00:46] [main/INFO] [Astral Core]: [AstralTransformer] Loading patches...
[19:00:46] [main/INFO] [Astral Core]: [AstralTransformer] Initialized! Loaded 14 class patches!
[19:00:46] [main/INFO] [LaunchWrapper]: Calling tweak class net.minecraftforge.fml.relauncher.CoreModManager$FMLPluginWrapper
[19:00:46] [main/INFO] [LaunchWrapper]: Calling tweak class net.minecraftforge.fml.relauncher.CoreModManager$FMLPluginWrapper
[19:00:46] [main/INFO] [LaunchWrapper]: Calling tweak class net.minecraftforge.fml.relauncher.CoreModManager$FMLPluginWrapper
[19:00:46] [main/INFO] [LaunchWrapper]: Calling tweak class net.minecraftforge.fml.relauncher.CoreModManager$FMLPluginWrapper
[19:00:46] [main/INFO] [LaunchWrapper]: Calling tweak class net.minecraftforge.fml.relauncher.CoreModManager$FMLPluginWrapper
[19:00:46] [main/INFO] [LaunchWrapper]: Calling tweak class net.minecraftforge.fml.relauncher.CoreModManager$FMLPluginWrapper
[19:00:46] [main/INFO] [LaunchWrapper]: Calling tweak class net.minecraftforge.fml.relauncher.CoreModManager$FMLPluginWrapper
[19:00:46] [main/INFO] [LaunchWrapper]: Calling tweak class net.minecraftforge.fml.relauncher.CoreModManager$FMLPluginWrapper
[19:00:46] [main/INFO] [LaunchWrapper]: Calling tweak class net.minecraftforge.fml.relauncher.CoreModManager$FMLPluginWrapper
[19:00:46] [main/INFO] [LaunchWrapper]: Calling tweak class net.minecraftforge.fml.relauncher.CoreModManager$FMLPluginWrapper
[19:00:47] [main/INFO] [LaunchWrapper]: Calling tweak class net.minecraftforge.fml.relauncher.CoreModManager$FMLPluginWrapper
[19:00:47] [main/INFO] [LaunchWrapper]: Calling tweak class net.minecraftforge.fml.relauncher.CoreModManager$FMLPluginWrapper
[19:00:47] [main/INFO] [LaunchWrapper]: Calling tweak class net.minecraftforge.fml.relauncher.CoreModManager$FMLPluginWrapper
[19:00:47] [main/INFO] [LaunchWrapper]: Calling tweak class net.minecraftforge.fml.relauncher.CoreModManager$FMLPluginWrapper
[19:00:47] [main/INFO] [LaunchWrapper]: Calling tweak class net.minecraftforge.fml.relauncher.CoreModManager$FMLPluginWrapper
[19:00:47] [main/INFO] [LaunchWrapper]: Calling tweak class net.minecraftforge.fml.relauncher.CoreModManager$FMLPluginWrapper
[19:00:47] [main/INFO] [LaunchWrapper]: Calling tweak class net.minecraftforge.fml.relauncher.CoreModManager$FMLPluginWrapper
[19:00:47] [main/INFO] [LaunchWrapper]: Calling tweak class net.minecraftforge.fml.relauncher.CoreModManager$FMLPluginWrapper
[19:00:47] [main/INFO] [LaunchWrapper]: Calling tweak class net.minecraftforge.fml.relauncher.CoreModManager$FMLPluginWrapper
[19:00:47] [main/INFO] [LaunchWrapper]: Calling tweak class net.minecraftforge.fml.relauncher.CoreModManager$FMLPluginWrapper
[19:00:47] [main/INFO] [LaunchWrapper]: Loading tweak class name net.minecraftforge.fml.common.launcher.TerminalTweaker
[19:00:47] [main/INFO] [LaunchWrapper]: Loading tweak class name org.spongepowered.asm.mixin.EnvironmentStateTweaker
[19:00:47] [main/INFO] [LaunchWrapper]: Calling tweak class net.minecraftforge.fml.common.launcher.TerminalTweaker
[19:00:47] [main/INFO] [LaunchWrapper]: Calling tweak class org.spongepowered.asm.mixin.EnvironmentStateTweaker
[19:00:47] [main/INFO] [neid]: Patching class: "net.minecraft.world.chunk.storage.AnvilChunkLoader" with Transformer Group: "TransformerGroupAnvilChunkLoader"
[19:00:47] [main/INFO] [mixin]: A re-entrant transformer '$wrapper.ru.fewizz.neid.asm.Transformer' was detected and will no longer process meta class data
[19:00:47] [main/INFO] [BedPatch]: Patching Chunk
[19:00:47] [main/INFO] [STDOUT]: [pl.asie.patchy.helpers.ConstructorReplacingTransformer$FFMethodVisitor:visitTypeInsn:73]: Replaced NEW for net/minecraft/util/ClassInheritanceMultiMap to pl/asie/foamfix/coremod/common/FoamyClassInheritanceMultiMap
[19:00:47] [main/INFO] [STDOUT]: [pl.asie.patchy.helpers.ConstructorReplacingTransformer$FFMethodVisitor:visitMethodInsn:85]: Replaced INVOKESPECIAL for net/minecraft/util/ClassInheritanceMultiMap to pl/asie/foamfix/coremod/common/FoamyClassInheritanceMultiMap
[19:00:47] [main/INFO] [mixin]: A re-entrant transformer '$wrapper.pl.asie.foamfix.coremod.FoamFixTransformer' was detected and will no longer process meta class data
[19:00:47] [main/INFO] [EnderCore ASM]: Transforming Class [net.minecraft.world.chunk.storage.ExtendedBlockStorage], Method [func_76663_a]
[19:00:47] [main/INFO] [EnderCore ASM]: Transforming net.minecraft.world.chunk.storage.ExtendedBlockStorage Finished.
[19:00:47] [main/INFO] [Astral Core]: [AstralTransformer] Transforming amu : net.minecraft.world.World with 2 patches!
[19:00:47] [main/INFO] [Astral Core]: [AstralTransformer] Skipping PATCHSUNBRIGHTNESSWORLDCLIENT as it can't be applied for side SERVER
[19:00:47] [main/INFO] [Astral Core]: [AstralTransformer] Applied patch PATCHSUNBRIGHTNESSWORLDCOMMON
[19:00:47] [main/INFO] [mixin]: A re-entrant transformer '$wrapper.lumien.bloodmoon.asm.ClassTransformer' was detected and will no longer process meta class data
[19:00:47] [main/INFO] [LibrarianLib ASM]: Transforming World
[19:00:47] [main/INFO] [LibrarianLib ASM]: Applying Transformation to method (Names [updateEntities, func_72939_s] Descriptor ()V)
[19:00:47] [main/INFO] [LibrarianLib ASM]: Attempting to insert: Update hook
[19:00:47] [main/INFO] [LibrarianLib ASM]: Patch result: Success
[19:00:47] [main/INFO] [LibrarianLib ASM]: Applying Transformation to method (Names [updateEntityWithOptionalForce, func_72866_a] Descriptor (Lnet/minecraft/entity/Entity;Z)V)
[19:00:47] [main/INFO] [LibrarianLib ASM]: Attempting to insert: Update hook
[19:00:47] [main/INFO] [LibrarianLib ASM]: Patch result: Success
[19:00:47] [main/INFO] [mixin]: A re-entrant transformer '$wrapper.lumien.randomthings.asm.ClassTransformer' was detected and will no longer process meta class data
[19:00:47] [main/INFO] [Astral Core]: [AstralTransformer] Transforming amu : net.minecraft.world.World with 2 patches!
[19:00:47] [main/INFO] [Astral Core]: [AstralTransformer] Skipping PATCHSUNBRIGHTNESSWORLDCLIENT as it can't be applied for side SERVER
[19:00:47] [main/INFO] [Astral Core]: [AstralTransformer] Applied patch PATCHSUNBRIGHTNESSWORLDCOMMON
[19:00:47] [main/INFO] [STDOUT]: [pl.asie.foamfix.coremod.FoamFixTransformer:spliceClasses:124]: Added INTERFACE: pl/asie/foamfix/coremod/patches/IFoamFixWorldRemovable
[19:00:47] [main/INFO] [STDOUT]: [pl.asie.foamfix.coremod.FoamFixTransformer:spliceClasses:161]: Added METHOD: net.minecraft.world.World.foamfix_removeUnloadedEntities
[19:00:47] [main/INFO] [LibrarianLib ASM]: Transforming World
[19:00:47] [main/INFO] [LibrarianLib ASM]: Applying Transformation to method (Names [updateEntities, func_72939_s] Descriptor ()V)
[19:00:47] [main/INFO] [LibrarianLib ASM]: Attempting to insert: Update hook
[19:00:47] [main/INFO] [LibrarianLib ASM]: Patch result: Success
[19:00:47] [main/INFO] [LibrarianLib ASM]: Applying Transformation to method (Names [updateEntityWithOptionalForce, func_72866_a] Descriptor (Lnet/minecraft/entity/Entity;Z)V)
[19:00:47] [main/INFO] [LibrarianLib ASM]: Attempting to insert: Update hook
[19:00:47] [main/INFO] [LibrarianLib ASM]: Patch result: Success
[19:00:47] [main/INFO] [STDOUT]: [pl.asie.foamfix.coremod.patches.WorldServerRemovalPatch:apply:62]: Patched updateEntities in net/minecraft/world/WorldServer func_72939_s
[19:00:47] [main/INFO] [EnderCore ASM]: Transforming net.minecraft.entity.player.EntityPlayer finished, added func_184613_cA() overriding EntityLivingBase
[19:00:47] [main/INFO] [Astral Core]: [AstralTransformer] Transforming vp : net.minecraft.entity.EntityLivingBase with 4 patches!
[19:00:47] [main/INFO] [Astral Core]: [AstralTransformer] Applied patch PATCHAPPLYPOTIONEFFECTEVENT
[19:00:47] [main/INFO] [Astral Core]: [AstralTransformer] Applied patch PATCHENTITYLIVINGBASEWATERSLOWDOWN
[19:00:47] [main/INFO] [Astral Core]: [AstralTransformer] Applied patch PATCHSETPLAYERATTRIBUTE
[19:00:47] [main/INFO] [Astral Core]: [AstralTransformer] Applied patch PATCHUPDATEELYTRA
[19:00:47] [main/INFO] [LaunchWrapper]: Launching wrapped minecraft {net.minecraft.server.MinecraftServer}
[19:00:47] [main/INFO] [neid]: Patching class: "net.minecraftforge.registries.GameData" with Transformer Group: "TransformerGroupBlockHardcoredConstants"
[19:00:47] [main/INFO] [neid]: Patching class: "net.minecraft.block.Block" with Transformer Group: "TransformerGroupBlockHardcoredConstants"
[19:00:47] [main/INFO] [STDOUT]: [team.chisel.ctm.client.asm.CTMTransformer:preTransform:230]: Transforming Class [net.minecraft.block.Block], Method [getExtendedState]
[19:00:47] [main/INFO] [STDOUT]: [team.chisel.ctm.client.asm.CTMTransformer:finishTransform:242]: Transforming net.minecraft.block.Block Finished.
[19:00:47] [main/INFO] [STDOUT]: [pl.asie.foamfix.coremod.FoamFixTransformer:spliceClasses:137]: Spliced in METHOD: net.minecraft.block.state.BlockStateContainer.createState
[19:00:47] [main/INFO] [STDOUT]: [pl.asie.foamfix.coremod.FoamFixTransformer:spliceClasses:137]: Spliced in METHOD: net.minecraft.block.properties.PropertyEnum.equals
[19:00:47] [main/INFO] [STDOUT]: [pl.asie.foamfix.coremod.FoamFixTransformer:spliceClasses:137]: Spliced in METHOD: net.minecraft.block.properties.PropertyEnum.hashCode
[19:00:47] [main/INFO] [STDOUT]: [pl.asie.foamfix.coremod.FoamFixTransformer:spliceClasses:184]: Added FIELD: net.minecraft.block.properties.PropertyEnum.foamfix_hashCode
[19:00:47] [main/INFO] [STDOUT]: [pl.asie.foamfix.coremod.FoamFixTransformer:spliceClasses:184]: Added FIELD: net.minecraft.block.properties.PropertyEnum.foamfix_hashCode_calced
[19:00:47] [main/INFO] [STDOUT]: [pl.asie.foamfix.coremod.FoamFixTransformer:spliceClasses:137]: Spliced in METHOD: net.minecraft.block.properties.PropertyInteger.hashCode
[19:00:47] [main/INFO] [STDOUT]: [pl.asie.foamfix.coremod.FoamFixTransformer:spliceClasses:184]: Added FIELD: net.minecraft.block.properties.PropertyInteger.foamfix_hashCode
[19:00:47] [main/INFO] [STDOUT]: [pl.asie.foamfix.coremod.FoamFixTransformer:spliceClasses:184]: Added FIELD: net.minecraft.block.properties.PropertyInteger.foamfix_hashCode_calced
[19:00:47] [main/INFO] [STDOUT]: [pl.asie.foamfix.coremod.FoamFixTransformer:spliceClasses:137]: Spliced in METHOD: net.minecraft.block.properties.PropertyBool.equals
[19:00:47] [main/INFO] [STDOUT]: [pl.asie.foamfix.coremod.FoamFixTransformer:spliceClasses:137]: Spliced in METHOD: net.minecraft.block.properties.PropertyBool.hashCode
[19:00:47] [main/INFO] [Astral Core]: [AstralTransformer] Transforming aip : net.minecraft.item.ItemStack with 2 patches!
[19:00:47] [main/INFO] [Astral Core]: [AstralTransformer] Skipping PATCHMODIFYENCHANTMENTLEVELSTOOLTIP as it can't be applied for side SERVER
[19:00:47] [main/INFO] [Astral Core]: [AstralTransformer] Skipping PATCHMODIFYENCHANTMENTLEVELSTOOLTIPEVENT as it can't be applied for side SERVER
[19:00:47] [main/INFO] [STDOUT]: [pl.asie.foamfix.coremod.FoamFixTransformer:spliceClasses:137]: Spliced in METHOD: net.minecraft.tileentity.TileEntity.func_190559_a
[19:00:47] [main/INFO] [STDOUT]: [pl.asie.foamfix.coremod.FoamFixTransformer:spliceClasses:137]: Spliced in METHOD: net.minecraft.block.BlockBed.func_189540_a
[19:00:48] [main/INFO] [EnderCore ASM]: Transforming net.minecraft.entity.player.EntityPlayer finished, added func_184613_cA() overriding EntityLivingBase
[19:00:48] [main/INFO] [Astral Core]: [AstralTransformer] Transforming vp : net.minecraft.entity.EntityLivingBase with 4 patches!
[19:00:48] [main/INFO] [Astral Core]: [AstralTransformer] Applied patch PATCHAPPLYPOTIONEFFECTEVENT
[19:00:48] [main/INFO] [Astral Core]: [AstralTransformer] Applied patch PATCHENTITYLIVINGBASEWATERSLOWDOWN
[19:00:48] [main/INFO] [Astral Core]: [AstralTransformer] Applied patch PATCHSETPLAYERATTRIBUTE
[19:00:48] [main/INFO] [Astral Core]: [AstralTransformer] Applied patch PATCHUPDATEELYTRA
[19:00:48] [main/INFO] [Astral Core]: [AstralTransformer] Transforming aip : net.minecraft.item.ItemStack with 2 patches!
[19:00:48] [main/INFO] [Astral Core]: [AstralTransformer] Skipping PATCHMODIFYENCHANTMENTLEVELSTOOLTIP as it can't be applied for side SERVER
[19:00:48] [main/INFO] [Astral Core]: [AstralTransformer] Skipping PATCHMODIFYENCHANTMENTLEVELSTOOLTIPEVENT as it can't be applied for side SERVER
[19:00:48] [main/INFO] [OpenComputers]: Successfully patched net/minecraft/entity/EntityLiving.recreateLeash.
[19:00:48] [main/INFO] [STDOUT]: [pl.asie.patchy.helpers.ConstructorReplacingTransformer$FFMethodVisitor:visitTypeInsn:73]: Replaced NEW for net/minecraft/tileentity/TileEntityHopper to pl/asie/foamfix/common/TileEntityFasterHopper
[19:00:48] [main/INFO] [STDOUT]: [pl.asie.patchy.helpers.ConstructorReplacingTransformer$FFMethodVisitor:visitMethodInsn:85]: Replaced INVOKESPECIAL for net/minecraft/tileentity/TileEntityHopper to pl/asie/foamfix/common/TileEntityFasterHopper
[19:00:48] [main/INFO] [Astral Core]: [AstralTransformer] Transforming wg : net.minecraft.entity.ai.attributes.AbstractAttributeMap with 1 patches!
[19:00:48] [main/INFO] [Astral Core]: [AstralTransformer] Applied patch PATCHADDPLAYERATTRIBUTE
[19:00:48] [main/INFO] [STDOUT]: [pl.asie.foamfix.coremod.FoamFixTransformer:spliceClasses:124]: Added INTERFACE: pl/asie/foamfix/api/IFoamFixMobSpawnerLogic
[19:00:48] [main/INFO] [STDOUT]: [pl.asie.foamfix.coremod.FoamFixTransformer:spliceClasses:137]: Spliced in METHOD: net.minecraft.tileentity.MobSpawnerBaseLogic.func_98279_f
[19:00:48] [main/INFO] [STDOUT]: [pl.asie.foamfix.coremod.FoamFixTransformer:spliceClasses:184]: Added FIELD: net.minecraft.tileentity.MobSpawnerBaseLogic.foamfix_activatedCache
[19:00:48] [main/INFO] [STDOUT]: [pl.asie.foamfix.coremod.FoamFixTransformer:spliceClasses:184]: Added FIELD: net.minecraft.tileentity.MobSpawnerBaseLogic.foamfix_activatedCachePESize
[19:00:48] [main/INFO] [STDOUT]: [pl.asie.foamfix.coremod.FoamFixTransformer:spliceClasses:184]: Added FIELD: net.minecraft.tileentity.MobSpawnerBaseLogic.foamfix_activatedCacheTime
[19:00:48] [main/INFO] [STDOUT]: [pl.asie.foamfix.coremod.FoamFixTransformer:spliceClasses:184]: Added FIELD: net.minecraft.tileentity.MobSpawnerBaseLogic.foamfix_forcedCache
[19:00:48] [main/INFO] [STDOUT]: [pl.asie.foamfix.coremod.FoamFixTransformer:spliceClasses:184]: Added FIELD: net.minecraft.tileentity.MobSpawnerBaseLogic.foamfix_forcedCacheTime
[19:00:48] [main/INFO] [EnderCore ASM]: Transforming Class [net.minecraft.entity.ai.EntityAICreeperSwell], Method [func_75246_d]
[19:00:48] [main/INFO] [EnderCore ASM]: Transforming net.minecraft.entity.ai.EntityAICreeperSwell Finished.
[19:00:48] [main/INFO] [neid]: Patching class: "net.minecraft.stats.StatList" with Transformer Group: "TransformerGroupBlockHardcoredConstants"
[19:00:49] [main/INFO] [neid]: Patching class: "net.minecraft.world.chunk.storage.AnvilChunkLoader" with Transformer Group: "TransformerGroupAnvilChunkLoader"
[19:00:49] [main/INFO] [EnderCore ASM]: Transforming Class [net.minecraft.inventory.ContainerFurnace], Method [func_82846_b]
[19:00:49] [main/INFO] [EnderCore ASM]: Transforming net.minecraft.inventory.ContainerFurnace Finished.
[19:00:49] [main/INFO] [STDOUT]: [elucent.albedo.asm.ASMTransformer:patchProfilerASM:338]: Successfully loaded Profiler ASM!
[19:00:49] [Server thread/INFO] [net.minecraft.server.dedicated.DedicatedServer]: Starting minecraft server version 1.12.2
[19:00:49] [Server thread/INFO] [FML]: MinecraftForge v14.23.5.2854 Initialized
[19:00:49] [Server thread/INFO] [FML]: Starts to replace vanilla recipe ingredients with ore ingredients.
[19:00:49] [Server thread/INFO] [FML]: Invalid recipe found with multiple oredict ingredients in the same ingredient...
[19:00:49] [Server thread/INFO] [FML]: Replaced 1227 ore ingredients
[19:00:49] [Server thread/INFO] [FML]: Searching /home/lord-and-server/dev/minecraft-server/./mods for mods
[19:00:49] [Server thread/INFO] [FML]: Searching /home/lord-and-server/dev/minecraft-server/./mods/1.12.2 for mods
[19:00:49] [Server thread/INFO] [FML]: Disabling mod albedo it is client side only.
[19:00:50] [Server thread/WARN] [FML]: Mod chickenchunks is missing the required element 'version' and a version.properties file could not be found. Falling back to metadata version 2.4.2.74
[19:00:50] [Server thread/WARN] [FML]: Mod codechickenlib is missing the required element 'version' and a version.properties file could not be found. Falling back to metadata version 3.2.3.357
[19:00:50] [Server thread/INFO] [FML]: Disabling mod controlling it is client side only.
[19:00:50] [Server thread/WARN] [FML]: Mod cookingforblockheads is missing the required element 'version' and a version.properties file could not be found. Falling back to metadata version 6.4.71
[19:00:50] [Server thread/WARN] [FML]: Mod cosmeticarmorreworked is missing the required element 'version' and a version.properties file could not be found. Falling back to metadata version 1.12.2-v4a
[19:00:50] [Server thread/INFO] [FML]: Disabling mod ctgui it is client side only.
[19:00:50] [Server thread/INFO] [FML]: Disabling mod ctm it is client side only.
[19:00:50] [Server thread/INFO] [FML]: Disabling mod custommainmenu it is client side only.
[19:00:50] [Server thread/INFO] [FML]: Disabling mod discordsuite it is client side only.
[19:00:50] [Server thread/WARN] [FML]: Mod enderstorage is missing the required element 'version' and a version.properties file could not be found. Falling back to metadata version 2.4.6.137
[19:00:51] [Server thread/WARN] [FML]: Mod microblockcbe is missing the required element 'version' and a version.properties file could not be found. Falling back to metadata version 2.6.2.83
[19:00:51] [Server thread/WARN] [FML]: Mod forgemultipartcbe is missing the required element 'version' and a version.properties file could not be found. Falling back to metadata version 2.6.2.83
[19:00:51] [Server thread/WARN] [FML]: Mod minecraftmultipartcbe is missing the required element 'version' and a version.properties file could not be found. Falling back to metadata version 2.6.2.83
[19:00:51] [Server thread/WARN] [FML]: Mod improvedbackpacks is missing the required element 'version' and a version.properties file could not be found. Falling back to metadata version 1.12.2-1.5.0.0
[19:00:51] [Server thread/WARN] [FML]: Mod ironchest is missing the required element 'version' and a version.properties file could not be found. Falling back to metadata version 1.12.2-7.0.67.844
[19:00:51] [Server thread/INFO] [FML]: Disabling mod jeresources it is client side only.
[19:00:51] [Server thread/INFO] [FML]: Disabling mod keywizard it is client side only.
[19:00:51] [Server thread/WARN] [FML]: Mod mekanismgenerators is missing the required element 'version' and a version.properties file could not be found. Falling back to metadata version 1.12.2-9.8.3.390
[19:00:51] [Server thread/WARN] [FML]: Mod mekanismtools is missing the required element 'version' and a version.properties file could not be found. Falling back to metadata version 1.12.2-9.8.3.390
[19:00:51] [Server thread/INFO] [FML]: Disabling mod modnametooltip it is client side only.
[19:00:51] [Server thread/INFO] [FML]: Disabling mod mousetweaks it is client side only.
[19:00:51] [Server thread/WARN] [FML]: Mod mrtjpcore is missing the required element 'version' and a version.properties file could not be found. Falling back to metadata version 2.1.4.43
[19:00:51] [Server thread/INFO] [FML]: Disabling mod neat it is client side only.
[19:00:52] [Server thread/WARN] [FML]: Mod projectred-core is missing the required element 'version' and a version.properties file could not be found. Falling back to metadata version 4.9.4.120
[19:00:52] [Server thread/INFO] [FML]: Mod projectred-compat is missing the required element 'name'. Substituting projectred-compat
[19:00:52] [Server thread/WARN] [FML]: Mod projectred-compat is missing the required element 'version' and no fallback can be found. Substituting '1.0'.
[19:00:52] [Server thread/WARN] [FML]: Mod projectred-fabrication is missing the required element 'version' and a version.properties file could not be found. Falling back to metadata version 4.9.4.120
[19:00:52] [Server thread/WARN] [FML]: Mod projectred-integration is missing the required element 'version' and a version.properties file could not be found. Falling back to metadata version 4.9.4.120
[19:00:52] [Server thread/WARN] [FML]: Mod projectred-transmission is missing the required element 'version' and a version.properties file could not be found. Falling back to metadata version 4.9.4.120
[19:00:52] [Server thread/WARN] [FML]: Mod projectred-illumination is missing the required element 'version' and a version.properties file could not be found. Falling back to metadata version 4.9.4.120
[19:00:52] [Server thread/WARN] [FML]: Mod projectred-expansion is missing the required element 'version' and a version.properties file could not be found. Falling back to metadata version 4.9.4.120
[19:00:52] [Server thread/WARN] [FML]: Mod projectred-relocation is missing the required element 'version' and a version.properties file could not be found. Falling back to metadata version 4.9.4.120
[19:00:52] [Server thread/WARN] [FML]: Mod projectred-transportation is missing the required element 'version' and a version.properties file could not be found. Falling back to metadata version 4.9.4.120
[19:00:52] [Server thread/WARN] [FML]: Mod projectred-exploration is missing the required element 'version' and a version.properties file could not be found. Falling back to metadata version 4.9.4.120
[19:00:52] [Server thread/INFO] [FML]: Disabling mod resourceloader it is client side only.
[19:00:52] [Server thread/INFO] [FML]: Disabling mod texfix it is client side only.
[19:00:52] [Server thread/WARN] [FML]: Mod translocators is missing the required element 'version' and a version.properties file could not be found. Falling back to metadata version 2.5.2.81
[19:00:52] [Server thread/WARN] [FML]: Mod waystones is missing the required element 'version' and a version.properties file could not be found. Falling back to metadata version 4.1.0
[19:00:52] [Server thread/INFO] [FML]: Disabling mod xaerominimap it is client side only.
[19:00:52] [Server thread/INFO] [FML]: Disabling mod xaeroworldmap it is client side only.
[19:00:52] [Server thread/INFO] [FML]: Disabling mod reauth it is client side only.
[19:00:53] [Server thread/FATAL] [FML]: Found a duplicate mod unidict at [./mods/UNIDICT-1.12.2-2.9.2.jar, ./mods/UniDict-1.12.2-2.9.6.jar]
[19:00:53] [Server thread/FATAL] [FML]: Found a duplicate mod wanionlib at [./mods/WanionLib-1.12.2-2.4.jar, ./mods/WANIONLIB-1.12.2-2.2.jar]
[19:00:53] [Server thread/ERROR] [net.minecraft.server.MinecraftServer]: Encountered an unexpected exception
net.minecraftforge.fml.common.DuplicateModsFoundException: 
Duplicate Mods:
	unidict : /home/lord-and-server/dev/minecraft-server/./mods/UNIDICT-1.12.2-2.9.2.jar
	unidict : /home/lord-and-server/dev/minecraft-server/./mods/UniDict-1.12.2-2.9.6.jar
	wanionlib : /home/lord-and-server/dev/minecraft-server/./mods/WanionLib-1.12.2-2.4.jar
	wanionlib : /home/lord-and-server/dev/minecraft-server/./mods/WANIONLIB-1.12.2-2.2.jar


	at net.minecraftforge.fml.common.Loader.identifyDuplicates(Loader.java:466) ~[Loader.class:?]
	at net.minecraftforge.fml.common.Loader.identifyMods(Loader.java:428) ~[Loader.class:?]
	at net.minecraftforge.fml.common.Loader.loadMods(Loader.java:568) ~[Loader.class:?]
	at net.minecraftforge.fml.server.FMLServerHandler.beginServerLoading(FMLServerHandler.java:98) ~[FMLServerHandler.class:?]
	at net.minecraftforge.fml.common.FMLCommonHandler.onServerStart(FMLCommonHandler.java:333) ~[FMLCommonHandler.class:?]
	at net.minecraft.server.dedicated.DedicatedServer.func_71197_b(DedicatedServer.java:125) ~[nz.class:?]
	at net.minecraft.server.MinecraftServer.run(MinecraftServer.java:486) [MinecraftServer.class:?]
	at java.lang.Thread.run(Thread.java:748) [?:1.8.0_152]
[19:00:53] [Server thread/ERROR] [net.minecraft.server.MinecraftServer]: This crash report has been saved to: /home/lord-and-server/dev/minecraft-server/./crash-reports/crash-2020-05-01_19.00.53-server.txt
[19:00:53] [Server thread/INFO] [net.minecraft.server.MinecraftServer]: Stopping server
[19:00:53] [Server thread/INFO] [net.minecraft.server.MinecraftServer]: Saving worlds
[19:00:53] [Server thread/INFO] [FML]: The state engine was in incorrect state CONSTRUCTING and forced into state SERVER_STOPPED. Errors may have been discarded.
[19:00:53] [Server Shutdown Thread/INFO] [net.minecraft.server.MinecraftServer]: Stopping server
